restrictionbypass/build/intermediates/manifest_merge_blame_file/debug/processDebugManifest/manifest-merger-blame-debug-report.txt
1<?xml version="1.0" encoding="utf-8"?>
2<manifest xmlns:android="http://schemas.android.com/apk/res/android"
3    xmlns:tools="http://schemas.android.com/tools"
4    package="org.chickenhook.restrictionbypass" >
5
6    <uses-sdk android:minSdkVersion="21" />
7
8    <application>
8-->src/main/AndroidManifest.xml:5:5-12:19
9        <provider
9-->src/main/AndroidManifest.xml:6:9-11:20
10            android:name="org.chickenhook.restrictionbypass.BypassProvider"
10-->src/main/AndroidManifest.xml:7:13-43
11            android:authorities="${applicationId}.restrictionbypass"
11-->src/main/AndroidManifest.xml:8:13-69
12            android:enabled="true"
12-->src/main/AndroidManifest.xml:9:13-35
13            android:exported="false" >
13-->src/main/AndroidManifest.xml:10:13-37
14        </provider>
15    </application>
16
17</manifest>